c:\users\danie\source\repos\datastructure_library_c++\datastructure_library_c++\debug\vc142.pdb
c:\users\danie\source\repos\datastructure_library_c++\datastructure_library_c++\debug\vc142.idb
c:\users\danie\source\repos\datastructure_library_c++\datastructure_library_c++\debug\main.obj
c:\users\danie\source\repos\datastructure_library_c++\datastructure_library_c++\debug\dynarray.obj
c:\users\danie\source\repos\datastructure_library_c++\debug\datastructure_library_c++.pdb
c:\users\danie\source\repos\datastructure_library_c++\datastructure_library_c++\debug\datastru.4cb5cab5.tlog\cl.command.1.tlog
c:\users\danie\source\repos\datastructure_library_c++\datastructure_library_c++\debug\datastru.4cb5cab5.tlog\cl.read.1.tlog
c:\users\danie\source\repos\datastructure_library_c++\datastructure_library_c++\debug\datastru.4cb5cab5.tlog\cl.write.1.tlog
c:\users\danie\source\repos\datastructure_library_c++\datastructure_library_c++\debug\datastru.4cb5cab5.tlog\link-cvtres.read.1.tlog
c:\users\danie\source\repos\datastructure_library_c++\datastructure_library_c++\debug\datastru.4cb5cab5.tlog\link-cvtres.write.1.tlog
c:\users\danie\source\repos\datastructure_library_c++\datastructure_library_c++\debug\datastru.4cb5cab5.tlog\link-rc.read.1.tlog
c:\users\danie\source\repos\datastructure_library_c++\datastructure_library_c++\debug\datastru.4cb5cab5.tlog\link-rc.write.1.tlog
c:\users\danie\source\repos\datastructure_library_c++\datastructure_library_c++\debug\datastru.4cb5cab5.tlog\link.2696-cvtres.read.1.tlog
c:\users\danie\source\repos\datastructure_library_c++\datastructure_library_c++\debug\datastru.4cb5cab5.tlog\link.2696-cvtres.write.1.tlog
c:\users\danie\source\repos\datastructure_library_c++\datastructure_library_c++\debug\datastru.4cb5cab5.tlog\link.2696-rc.read.1.tlog
c:\users\danie\source\repos\datastructure_library_c++\datastructure_library_c++\debug\datastru.4cb5cab5.tlog\link.2696-rc.write.1.tlog
c:\users\danie\source\repos\datastructure_library_c++\datastructure_library_c++\debug\datastru.4cb5cab5.tlog\link.2696.read.1.tlog
c:\users\danie\source\repos\datastructure_library_c++\datastructure_library_c++\debug\datastru.4cb5cab5.tlog\link.2696.write.1.tlog
c:\users\danie\source\repos\datastructure_library_c++\datastructure_library_c++\debug\datastru.4cb5cab5.tlog\link.command.1.tlog
c:\users\danie\source\repos\datastructure_library_c++\datastructure_library_c++\debug\datastru.4cb5cab5.tlog\link.read.1.tlog
c:\users\danie\source\repos\datastructure_library_c++\datastructure_library_c++\debug\datastru.4cb5cab5.tlog\link.write.1.tlog
